Base path: D:/Unity/Data
Pipe name: \\.\pipe\UnityShaderCompiler-1-6456
Cmd: getPlatforms
Cmd: preprocess
  insize=8333 outsize=2052 ok=1
Cmd: preprocess
  insize=5752 outsize=1270 ok=1
Cmd: preprocess
  insize=10964 outsize=663 ok=1
Cmd: preprocess
  insize=1248 outsize=340 ok=1
Cmd: compileSnippet
  error: 2 plat 4 at (23): unrecognized identifier 'UNITY_FOG_COORDS'
  api=4 type=0 insize=1210 outsize=0 kw= ok=0
Cmd: preprocess
  insize=4076 outsize=685 ok=1
Cmd: preprocess
  insize=27271 outsize=4722 ok=1
Cmd: preprocess
  insize=435 outsize=435 ok=1
Cmd: preprocess
  insize=1709 outsize=728 ok=1
Cmd: preprocess
  insize=9195 outsize=2329 ok=1
Cmd: preprocess
  insize=1989 outsize=486 ok=1
Cmd: preprocess
  insize=1615 outsize=2246 ok=1
Cmd: compileSnippet
  error: 2 plat 4 at (0): Vertex program 'tessvert_surf': unknown input semantics TEXCOORD/2

  api=4 type=0 insize=8367 outsize=0 kw=DIRECTIONAL SHADOWS_OFF LIGHTMAP_OFF DIRLIGHTMAP_OFF ok=0
Cmd: preprocess
  insize=1063 outsize=408 ok=1
Cmd: preprocess
  insize=9575 outsize=799 ok=1
Cmd: preprocess
  insize=1624 outsize=334 ok=1
Cmd: preprocess
  insize=5961 outsize=794 ok=1
Cmd: preprocess
  insize=844 outsize=330 ok=1
Cmd: preprocess
  insize=1403 outsize=346 ok=1
Cmd: preprocess
  insize=1213 outsize=389 ok=1
Cmd: preprocess
  insize=928 outsize=289 ok=1
Cmd: preprocess
  insize=1038 outsize=358 ok=1
Cmd: preprocess
  insize=4528 outsize=554 ok=1
Cmd: preprocess
  insize=4159 outsize=1016 ok=1
Cmd: compileSnippet
  error: 2 plat 4 at (67): unrecognized identifier 'UNITY_FOG_COORDS'
  api=4 type=0 insize=3447 outsize=0 kw=WATER_REFRACTIVE ok=0
Cmd: preprocess
  insize=1291 outsize=412 ok=1
Cmd: preprocess
  insize=11420 outsize=1922 ok=1
Cmd: preprocess
  insize=1209 outsize=459 ok=1
Cmd: preprocess
  insize=1923 outsize=467 ok=1
Cmd: preprocess
  insize=1217 outsize=387 ok=1
Cmd: preprocess
  insize=1099 outsize=1250 ok=1
Cmd: preprocess
  insize=1216 outsize=260 ok=1
Cmd: preprocess
  insize=3521 outsize=640 ok=1
Cmd: preprocess
  insize=4106 outsize=553 ok=1
Cmd: preprocess
  insize=1099 outsize=1250 ok=1
Cmd: preprocess
  insize=1719 outsize=983 ok=1
Cmd: preprocess
  insize=1454 outsize=2191 ok=1
Cmd: compileSnippet
  error: 2 plat 4 at (0): Vertex program 'tessvert_surf': unknown input semantics TEXCOORD/2

  api=4 type=0 insize=8535 outsize=0 kw=DIRECTIONAL SHADOWS_OFF LIGHTMAP_OFF DIRLIGHTMAP_OFF ok=0
Cmd: preprocess
  insize=6289 outsize=753 ok=1
Cmd: preprocess
  insize=1013 outsize=1267 ok=1
Cmd: preprocess
  insize=1183 outsize=296 ok=1
Cmd: preprocess
  insize=1164 outsize=384 ok=1
Cmd: preprocess
  insize=6511 outsize=780 ok=1
Cmd: preprocess
  insize=1097 outsize=289 ok=1
Cmd: preprocess
  insize=12815 outsize=2577 ok=1
Cmd: compileSnippet
  error: 2 plat 4 at (59): unrecognized identifier 'UNITY_FOG_COORDS'
  api=4 type=0 insize=10254 outsize=0 kw=WATER_REFLECTIVE WATER_VERTEX_DISPLACEMENT_ON WATER_EDGEBLEND_ON ok=0
Cmd: preprocess
  insize=1044 outsize=883 ok=1
Cmd: preprocess
  insize=3562 outsize=712 ok=1
Cmd: preprocess
  insize=2413 outsize=753 ok=1
Cmd: preprocess
  insize=1000 outsize=249 ok=1
Cmd: preprocess
  insize=883 outsize=277 ok=1
Cmd: preprocess
  insize=1314 outsize=362 ok=1
Cmd: preprocess
  insize=1353 outsize=325 ok=1
Cmd: preprocess
  insize=1188 outsize=255 ok=1
Cmd: preprocess
  insize=880 outsize=1108 ok=1
Cmd: preprocess
  insize=1268 outsize=329 ok=1
Cmd: preprocess
  insize=2379 outsize=1092 ok=1
Cmd: preprocess
  insize=1344 outsize=330 ok=1
Cmd: preprocess
  insize=13814 outsize=2635 ok=1
Cmd: preprocess
  insize=1193 outsize=304 ok=1
Cmd: preprocess
  insize=2235 outsize=619 ok=1
Cmd: preprocess
  insize=902 outsize=252 ok=1
Cmd: preprocess
  insize=636 outsize=302 ok=1
Cmd: preprocess
  insize=6131 outsize=976 ok=1
Cmd: preprocess
  insize=2237 outsize=975 ok=1
Cmd: preprocess
  insize=32573 outsize=255 ok=1
Cmd: preprocess
  insize=1154 outsize=242 ok=1
Cmd: preprocess
  insize=4293 outsize=504 ok=1
Cmd: preprocess
  insize=992 outsize=248 ok=1
Cmd: preprocess
  insize=4770 outsize=1781 ok=1
Cmd: preprocess
  insize=1692 outsize=302 ok=1
Cmd: preprocess
  insize=965 outsize=271 ok=1
Cmd: preprocess
  insize=1685 outsize=352 ok=1
Cmd: preprocess
  insize=12787 outsize=1866 ok=1
Cmd: preprocess
  insize=1235 outsize=409 ok=1
Cmd: preprocess
  insize=1123 outsize=459 ok=1
Cmd: preprocess
  insize=963 outsize=332 ok=1
Cmd: preprocess
  insize=11975 outsize=2458 ok=1
Cmd: compileSnippet
  error: 2 plat 4 at (56): unrecognized identifier 'UNITY_FOG_COORDS'
  api=4 type=0 insize=9537 outsize=0 kw=WATER_REFLECTIVE WATER_VERTEX_DISPLACEMENT_ON WATER_EDGEBLEND_ON ok=0
Cmd: preprocess
  insize=6023 outsize=732 ok=1
Cmd: preprocess
  insize=2677 outsize=763 ok=1
Cmd: preprocess
  insize=1013 outsize=1508 ok=1
Cmd: preprocess
  insize=3601 outsize=705 ok=1
Cmd: preprocess
  insize=8191 outsize=1109 ok=1
Cmd: preprocess
  insize=5357 outsize=1803 ok=1
Cmd: preprocess
  insize=10773 outsize=2535 ok=1
Cmd: preprocess
  insize=2486 outsize=1156 ok=1
Cmd: compileSnippet
  error: 2 plat 4 at (49): unrecognized identifier 'UNITY_FOG_COORDS'
  api=4 type=0 insize=1632 outsize=0 kw= ok=0
Cmd: preprocess
  insize=977 outsize=438 ok=1
Cmd: preprocess
  insize=12423 outsize=2320 ok=1
Cmd: preprocess
  insize=724 outsize=315 ok=1
Cmd: preprocess
  insize=1909 outsize=438 ok=1
Cmd: preprocess
  insize=1357 outsize=642 ok=1
Cmd: compileSnippet
  error: 2 plat 4 at (20): unrecognized identifier 'UNITY_FOG_COORDS'
  api=4 type=0 insize=1021 outsize=0 kw= ok=0
Cmd: preprocess
  insize=1802 outsize=526 ok=1
Cmd: compileSnippet
  error: 2 plat 4 at (28): unrecognized identifier 'UNITY_FOG_COORDS'
  api=4 type=0 insize=1581 outsize=0 kw= ok=0
Cmd: preprocess
  insize=1377 outsize=384 ok=1
Cmd: preprocess
  insize=5837 outsize=874 ok=1
Cmd: preprocess
  insize=1530 outsize=277 ok=1
Cmd: preprocess
  insize=23968 outsize=4136 ok=1
Cmd: preprocess
  insize=3938 outsize=532 ok=1
Cmd: preprocess
  insize=2274 outsize=1209 ok=1
Cmd: preprocess
  insize=1950 outsize=489 ok=1
Cmd: preprocess
  insize=5149 outsize=1741 ok=1
Cmd: preprocess
  insize=1675 outsize=280 ok=1
Cmd: preprocess
  insize=965 outsize=333 ok=1
Cmd: preprocess
  insize=1082 outsize=407 ok=1
Cmd: preprocess
  insize=673 outsize=248 ok=1
Cmd: preprocess
  insize=5564 outsize=854 ok=1
Cmd: preprocess
  insize=738 outsize=267 ok=1
Cmd: preprocess
  insize=5171 outsize=735 ok=1
Cmd: preprocess
  insize=520 outsize=341 ok=1
Cmd: preprocess
  insize=6414 outsize=905 ok=1
Cmd: preprocess
  insize=1013 outsize=1508 ok=1
Cmd: preprocess
  insize=32636 outsize=273 ok=1
Cmd: preprocess
  insize=1420 outsize=347 ok=1
Cmd: preprocess
  insize=1306 outsize=373 ok=1
Cmd: compileSnippet
  error: 2 plat 4 at (25): unrecognized identifier 'UNITY_FOG_COORDS'
  api=4 type=0 insize=1235 outsize=0 kw= ok=0
Cmd: preprocess
  insize=1339 outsize=296 ok=1
Cmd: preprocess
  insize=32583 outsize=255 ok=1
Cmd: preprocess
  insize=5175 outsize=1721 ok=1
Cmd: preprocess
  insize=2306 outsize=644 ok=1
Cmd: preprocess
  insize=1173 outsize=314 ok=1
Cmd: preprocess
  insize=4925 outsize=1094 ok=1
Cmd: preprocess
  insize=2274 outsize=1036 ok=1
Cmd: preprocess
  insize=6737 outsize=236 ok=1
Cmd: preprocess
  insize=586 outsize=360 ok=1
Cmd: preprocess
  insize=4268 outsize=418 ok=1
Cmd: preprocess
  insize=4608 outsize=888 ok=1
Cmd: preprocess
  insize=790 outsize=320 ok=1
Cmd: preprocess
  insize=1310 outsize=384 ok=1
Cmd: compileSnippet
  error: 2 plat 4 at (37): unrecognized identifier 'UNITY_FOG_COORDS'
  api=4 type=0 insize=1228 outsize=0 kw= ok=0
Cmd: preprocess
  insize=5717 outsize=1218 ok=1
Cmd: preprocess
  insize=716 outsize=286 ok=1
Cmd: preprocess
  insize=656 outsize=299 ok=1
Cmd: preprocess
  insize=721 outsize=317 ok=1
Cmd: preprocess
  insize=32646 outsize=272 ok=1
Cmd: preprocess
  insize=3696 outsize=631 ok=1
Cmd: preprocess
  insize=799 outsize=276 ok=1
Cmd: preprocess
  insize=1080 outsize=489 ok=1
Cmd: preprocess
  insize=778 outsize=304 ok=1
Cmd: preprocess
  insize=1265 outsize=270 ok=1
Cmd: preprocess
  insize=2015 outsize=947 ok=1
Cmd: preprocess
  insize=11276 outsize=718 ok=1
Cmd: preprocess
  insize=574 outsize=259 ok=1
Cmd: preprocess
  insize=880 outsize=1108 ok=1
Cmd: preprocess
  insize=2832 outsize=783 ok=1
Cmd: preprocess
  insize=5095 outsize=701 ok=1
Cmd: preprocess
  insize=919 outsize=353 ok=1
Cmd: preprocess
  insize=1026 outsize=351 ok=1
Cmd: preprocess
  insize=5846 outsize=800 ok=1
Cmd: preprocess
  insize=1017 outsize=470 ok=1
Cmd: preprocess
  insize=2143 outsize=983 ok=1
Cmd: preprocess
  insize=6801 outsize=255 ok=1
Cmd: preprocess
  insize=1139 outsize=364 ok=1
Cmd: preprocess
  insize=512 outsize=241 ok=1
Cmd: preprocess
  insize=650 outsize=290 ok=1
Cmd: preprocess
  insize=5006 outsize=866 ok=1
Cmd: preprocess
  insize=1727 outsize=682 ok=1
Cmd: preprocess
  insize=8652 outsize=774 ok=1
Cmd: preprocess
  insize=968 outsize=305 ok=1
Cmd: preprocess
  insize=873 outsize=301 ok=1
Cmd: preprocess
  insize=2636 outsize=774 ok=1
Cmd: preprocess
  insize=1006 outsize=316 ok=1
Cmd: preprocess
  insize=1737 outsize=297 ok=1
Unhandled exception: Readfile from pipe failed. GLE=The pipe has been ended.


Quitting shader compiler process
